<?xml version="1.0" encoding="UTF-8"?>
<!-- Generated by org.testng.reporters.JUnitReportReporter -->
<testsuite hostname="LAPTOP-6BKLNTQ5" failures="0" tests="1" name="devops.NewTest" time="0.289" errors="1" timestamp="2024-04-05T10:36:04 IST" skipped="0">
  <testcase classname="devops.NewTest" name="testOnChrome" time="0.289">
    <error message="java.net.URISyntaxException: Illegal character in authority at index 7: http://localhost :4444" type="java.lang.RuntimeException">
      <![CDATA[java.lang.RuntimeException: java.net.URISyntaxException: Illegal character in authority at index 7: http://localhost :4444
at org.openqa.selenium.remote.http.ClientConfig.baseUrl(ClientConfig.java:91)
at org.openqa.selenium.remote.RemoteWebDriver.createExecutor(RemoteWebDriver.java:183)
at org.openqa.selenium.remote.RemoteWebDriver.<init>(RemoteWebDriver.java:143)
at devops.NewTest.testOnChrome(NewTest.java:18)
at java.base/jdk.internal.reflect.NativeMethodAccessorImpl.invoke0(Native Method)
at java.base/jdk.internal.reflect.NativeMethodAccessorImpl.invoke(NativeMethodAccessorImpl.java:77)
at java.base/jdk.internal.reflect.DelegatingMethodAccessorImpl.invoke(DelegatingMethodAccessorImpl.java:43)
at java.base/java.lang.reflect.Method.invoke(Method.java:568)
at org.testng.internal.MethodInvocationHelper.invokeMethod(MethodInvocationHelper.java:133)
at org.testng.internal.TestInvoker.invokeMethod(TestInvoker.java:598)
at org.testng.internal.TestInvoker.invokeTestMethod(TestInvoker.java:173)
at org.testng.internal.MethodRunner.runInSequence(MethodRunner.java:46)
at org.testng.internal.TestInvoker$MethodInvocationAgent.invoke(TestInvoker.java:824)
at org.testng.internal.TestInvoker.invokeTestMethods(TestInvoker.java:146)
at org.testng.internal.TestMethodWorker.invokeTestMethods(TestMethodWorker.java:146)
at org.testng.internal.TestMethodWorker.run(TestMethodWorker.java:128)
at java.base/java.util.ArrayList.forEach(ArrayList.java:1511)
at org.testng.TestRunner.privateRun(TestRunner.java:794)
at org.testng.TestRunner.run(TestRunner.java:596)
at org.testng.SuiteRunner.runTest(SuiteRunner.java:377)
at org.testng.SuiteRunner.runSequentially(SuiteRunner.java:371)
at org.testng.SuiteRunner.privateRun(SuiteRunner.java:332)
at org.testng.SuiteRunner.run(SuiteRunner.java:276)
at org.testng.SuiteRunnerWorker.runSuite(SuiteRunnerWorker.java:53)
at org.testng.SuiteRunnerWorker.run(SuiteRunnerWorker.java:96)
at org.testng.TestNG.runSuitesSequentially(TestNG.java:1212)
at org.testng.TestNG.runSuitesLocally(TestNG.java:1134)
at org.testng.TestNG.runSuites(TestNG.java:1063)
at org.testng.TestNG.run(TestNG.java:1031)
at org.testng.remote.AbstractRemoteTestNG.run(AbstractRemoteTestNG.java:115)
at org.testng.remote.RemoteTestNG.initAndRun(RemoteTestNG.java:251)
at org.testng.remote.RemoteTestNG.main(RemoteTestNG.java:77)
Caused by: java.net.URISyntaxException: Illegal character in authority at index 7: http://localhost :4444
at java.base/java.net.URI$Parser.fail(URI.java:2974)
at java.base/java.net.URI$Parser.parseAuthority(URI.java:3308)
at java.base/java.net.URI$Parser.parseHierarchical(URI.java:3219)
at java.base/java.net.URI$Parser.parse(URI.java:3175)
at java.base/java.net.URI.<init>(URI.java:623)
at java.base/java.net.URL.toURI(URL.java:1056)
at org.openqa.selenium.remote.http.ClientConfig.baseUrl(ClientConfig.java:89)
... 31 more
]]>
    </error>
  </testcase> <!-- testOnChrome -->
  <system-out>
    <![CDATA[Test executing on chrome!]]>
  </system-out>
</testsuite> <!-- devops.NewTest -->
